2024-09-28 21:53:53,452 - ERROR -Unexpected exception while retrieving categories: (psycopg2.OperationalError) could not receive data from server: Software caused connection abort (0x00002745/10053)

[SQL: SELECT category.id AS category_id, category.name AS category_name, category.slug AS category_slug, category.is_active AS category_is_active, category.level AS category_level, category.parent_id AS category_parent_id 
FROM category]
(Background on this error at: https://sqlalche.me/e/20/e3q8)
2024-10-04 17:22:35,957 - ERROR -Unexpected exception while retrieving categories: Internal server error
2024-10-04 17:22:35,995 - ERROR -Unexpected exception while retrieving category by slug: 404: Category does not exist
2024-10-04 17:22:36,004 - ERROR -Unexpected exception while retrieving category by slug: 404: Category does not exist
2024-10-04 17:22:36,013 - ERROR -Unexpected exception while retrieving category by slug: 404: Category does not exist
2024-10-04 17:22:36,022 - ERROR -Exception while retrieving category by slug: Internal server error
2024-10-04 17:22:36,032 - ERROR -Exception while retrieving category by slug: Internal server error
2024-10-04 17:22:36,041 - ERROR -Exception while retrieving category by slug: Internal server error
2024-10-04 17:22:36,080 - ERROR -Unexpected exception while creating category: Internal server error
2024-10-04 17:22:36,108 - ERROR -Unexpected error while updating category: Internal server error
2024-10-04 17:22:36,135 - ERROR -Unexpected error while deleting category: Internal server error
2024-10-04 17:23:25,007 - ERROR -Unexpected exception while retrieving categories: Internal server error
2024-10-04 17:23:25,042 - ERROR -Unexpected exception while retrieving category by slug: 404: Category does not exist
2024-10-04 17:23:25,051 - ERROR -Unexpected exception while retrieving category by slug: 404: Category does not exist
2024-10-04 17:23:25,061 - ERROR -Unexpected exception while retrieving category by slug: 404: Category does not exist
2024-10-04 17:23:25,070 - ERROR -Exception while retrieving category by slug: Internal server error
2024-10-04 17:23:25,079 - ERROR -Exception while retrieving category by slug: Internal server error
2024-10-04 17:23:25,088 - ERROR -Exception while retrieving category by slug: Internal server error
2024-10-04 17:23:25,126 - ERROR -Unexpected exception while creating category: Internal server error
2024-10-04 17:23:25,154 - ERROR -Unexpected error while updating category: Internal server error
